<?xml version="1.0" encoding="UTF-8"?>
<testsuite xmlns:xsi="http://www.w3.org/2001/XMLSchema-instance" xsi:noNamespaceSchemaLocation="https://maven.apache.org/surefire/maven-surefire-plugin/xsd/surefire-test-report.xsd" version="3.0.2" name="org.uth.GreetingResourceTest" time="0.946" tests="1" errors="0" skipped="0" failures="0">
  <properties>
[...]
</properties>
  <testcase name="testHelloEndpoint" classname="org.uth.GreetingResourceTest" time="0.544">
    <system-out><![CDATA[2025-07-10 21:23:45,743 INFO  [io.quarkus] (main) demo-quarkus 1.0.0-SNAPSHOT on JVM (powered by Quarkus 3.24.3) started in 1.628s. Listening on: http://localhost:8081
2025-07-10 21:23:45,745 INFO  [io.quarkus] (main) Profile test activated. 
2025-07-10 21:23:45,745 INFO  [io.quarkus] (main) Installed features: [cdi, resteasy, smallrye-context-propagation, vertx]
]]></system-out>
  </testcase>
</testsuite>